<?xml version="1.0" encoding="UTF-8"?>
<!-- Generated by org.testng.reporters.JUnitXMLReporter -->
<testsuite ignored="0" hostname="MaliPatil-PC" failures="3" tests="3" name="Test" time="92.472" errors="0" timestamp="23 Jul 2019 14:06:36 GMT">
  <testcase classname="testNg1.ListenerConcept" name="test1" time="0.015">
    <failure type="java.lang.AssertionError" message="expected [false] but found [true]">
      <![CDATA[java.lang.AssertionError: expected [false] but found [true]
at testNg1.ListenerConcept.test1(ListenerConcept.java:19)
... Removed 31 stack frames]]>
    </failure>
  </testcase> <!-- test1 -->
  <testcase classname="testNg1.ListenerConcept" name="test2" time="0.003">
    <failure type="java.lang.AssertionError" message="expected [false] but found [true]">
      <![CDATA[java.lang.AssertionError: expected [false] but found [true]
at testNg1.ListenerConcept.test2(ListenerConcept.java:26)
... Removed 31 stack frames]]>
    </failure>
  </testcase> <!-- test2 -->
  <testcase classname="testNg1.ListenerConcept" name="test3" time="0.003">
    <failure type="java.lang.AssertionError" message="expected [false] but found [true]">
      <![CDATA[java.lang.AssertionError: expected [false] but found [true]
at testNg1.ListenerConcept.test3(ListenerConcept.java:32)
... Removed 31 stack frames]]>
    </failure>
  </testcase> <!-- test3 -->
</testsuite> <!-- Test -->
