<?xml version="1.0" encoding="UTF-8"?>
<!-- Generated by org.testng.reporters.JUnitXMLReporter -->
<testsuite ignored="0" hostname="MaliPatil-PC" failures="0" tests="3" name="Test" time="79.222" errors="0" timestamp="25 Jul 2019 15:26:04 GMT">
  <testcase classname="testNg1.ListenerConcept" name="test1" time="0.004"/>
  <testcase classname="testNg1.ListenerConcept" name="test2" time="0.001"/>
  <testcase classname="testNg1.ListenerConcept" name="test3" time="0.0">
    <skipped/>
  </testcase> <!-- test3 -->
</testsuite> <!-- Test -->
