<?xml version="1.0" encoding="UTF-8"?>
<testsuite xmlns:xsi="http://www.w3.org/2001/XMLSchema-instance" xsi:noNamespaceSchemaLocation="https://maven.apache.org/surefire/maven-surefire-plugin/xsd/surefire-test-report-3.0.xsd" version="3.0" name="TestSuite" time="80.287" tests="3" errors="0" skipped="1" failures="0">
  <properties>
[...]
</properties>
  <testcase name="test1" classname="testNg1.ListenerConcept" time="0.006"/>
  <testcase name="test2" classname="testNg1.ListenerConcept" time="0"/>
  <testcase name="test3" classname="testNg1.ListenerConcept" time="0">
    <skipped message="skipped test"/>
    <system-out><![CDATA[Starting test : test3
Skipped Test : test3
]]></system-out>
    <system-err><![CDATA[Starting ChromeDriver 2.42.591088 (7b2b2dca23cca0862f674758c9a3933e685c27d5) on port 27440
Only local connections are allowed.
Jul 25, 2019 8:55:36 PM org.openqa.selenium.remote.ProtocolHandshake createSession
INFO: Detected dialect: OSS
]]></system-err>
  </testcase>
</testsuite>